This is pdfTeX, Version 3.1415926-2.5-1.40.14 (TeX Live 2013) (format=pdflatex 2016.1.6)  24 AUG 2016 14:56
entering extended mode
 restricted \write18 enabled.
 %&-line parsing enabled.
**G4MC.tex
(./G4MC.tex
LaTeX2e <2011/06/27>
Babel <v3.8m> and hyphenation patterns for english, dumylang, nohyphenation, lo
aded.
(/usr/share/texlive/texmf-dist/tex/latex/amscls/amsart.cls
Document Class: amsart 2009/07/02 v2.20.1
\linespacing=\dimen102
\normalparindent=\dimen103
\normaltopskip=\skip41
(/usr/share/texlive/texmf-dist/tex/latex/amsmath/amsmath.sty
Package: amsmath 2013/01/14 v2.14 AMS math features
\@mathmargin=\skip42

For additional information on amsmath, use the `?' option.
(/usr/share/texlive/texmf-dist/tex/latex/amsmath/amstext.sty
Package: amstext 2000/06/29 v2.01

(/usr/share/texlive/texmf-dist/tex/latex/amsmath/amsgen.sty
File: amsgen.sty 1999/11/30 v2.0
\@emptytoks=\toks14
\ex@=\dimen104
))
(/usr/share/texlive/texmf-dist/tex/latex/amsmath/amsbsy.sty
Package: amsbsy 1999/11/29 v1.2d
\pmbraise@=\dimen105
)
(/usr/share/texlive/texmf-dist/tex/latex/amsmath/amsopn.sty
Package: amsopn 1999/12/14 v2.01 operator names
)
\inf@bad=\count79
LaTeX Info: Redefining \frac on input line 210.
\uproot@=\count80
\leftroot@=\count81
LaTeX Info: Redefining \overline on input line 306.
\classnum@=\count82
\DOTSCASE@=\count83
LaTeX Info: Redefining \ldots on input line 378.
LaTeX Info: Redefining \dots on input line 381.
LaTeX Info: Redefining \cdots on input line 466.
\Mathstrutbox@=\box26
\strutbox@=\box27
\big@size=\dimen106
LaTeX Font Info:    Redeclaring font encoding OML on input line 566.
LaTeX Font Info:    Redeclaring font encoding OMS on input line 567.
\macc@depth=\count84
\c@MaxMatrixCols=\count85
\dotsspace@=\muskip10
\c@parentequation=\count86
\dspbrk@lvl=\count87
\tag@help=\toks15
\row@=\count88
\column@=\count89
\maxfields@=\count90
\andhelp@=\toks16
\eqnshift@=\dimen107
\alignsep@=\dimen108
\tagshift@=\dimen109
\tagwidth@=\dimen110
\totwidth@=\dimen111
\lineht@=\dimen112
\@envbody=\toks17
\multlinegap=\skip43
\multlinetaggap=\skip44
\mathdisplay@stack=\toks18
LaTeX Info: Redefining \[ on input line 2665.
LaTeX Info: Redefining \] on input line 2666.
)
LaTeX Font Info:    Try loading font information for U+msa on input line 388.

(/usr/share/texlive/texmf-dist/tex/latex/amsfonts/umsa.fd
File: umsa.fd 2013/01/14 v3.01 AMS symbols A
)
(/usr/share/texlive/texmf-dist/tex/latex/amsfonts/amsfonts.sty
Package: amsfonts 2013/01/14 v3.01 Basic AMSFonts support
\symAMSa=\mathgroup4
\symAMSb=\mathgroup5
LaTeX Font Info:    Overwriting math alphabet `\mathfrak' in version `bold'
(Font)                  U/euf/m/n --> U/euf/b/n on input line 106.
)
\copyins=\insert233
\abstractbox=\box28
\listisep=\skip45
\c@part=\count91
\c@section=\count92
\c@subsection=\count93
\c@subsubsection=\count94
\c@paragraph=\count95
\c@subparagraph=\count96
\c@figure=\count97
\c@table=\count98
\abovecaptionskip=\skip46
\belowcaptionskip=\skip47
\captionindent=\dimen113
\thm@style=\toks19
\thm@bodyfont=\toks20
\thm@headfont=\toks21
\thm@notefont=\toks22
\thm@headpunct=\toks23
\thm@preskip=\skip48
\thm@postskip=\skip49
\thm@headsep=\skip50
\dth@everypar=\toks24
)
(./placeins.sty
Package: placeins 2005/04/18  v 2.2
) (/usr/share/texlive/texmf-dist/tex/latex/graphics/graphicx.sty
Package: graphicx 1999/02/16 v1.0f Enhanced LaTeX Graphics (DPC,SPQR)
(/usr/share/texlive/texmf-dist/tex/latex/graphics/keyval.sty
Package: keyval 1999/03/16 v1.13 key=value parser (DPC)
\KV@toks@=\toks25
)
(/usr/share/texlive/texmf-dist/tex/latex/graphics/graphics.sty
Package: graphics 2009/02/05 v1.0o Standard LaTeX Graphics (DPC,SPQR)

(/usr/share/texlive/texmf-dist/tex/latex/graphics/trig.sty
Package: trig 1999/03/16 v1.09 sin cos tan (DPC)
)
(/usr/share/texlive/texmf-dist/tex/latex/latexconfig/graphics.cfg
File: graphics.cfg 2010/04/23 v1.9 graphics configuration of TeX Live
)
Package graphics Info: Driver file: pdftex.def on input line 91.

(/usr/share/texlive/texmf-dist/tex/latex/pdftex-def/pdftex.def
File: pdftex.def 2011/05/27 v0.06d Graphics/color for pdfTeX

(/usr/share/texlive/texmf-dist/tex/generic/oberdiek/infwarerr.sty
Package: infwarerr 2010/04/08 v1.3 Providing info/warning/error messages (HO)
)
(/usr/share/texlive/texmf-dist/tex/generic/oberdiek/ltxcmds.sty
Package: ltxcmds 2011/11/09 v1.22 LaTeX kernel commands for general use (HO)
)
\Gread@gobject=\count99
))
\Gin@req@height=\dimen114
\Gin@req@width=\dimen115
)
(/usr/share/texlive/texmf-dist/tex/latex/hyperref/hyperref.sty
Package: hyperref 2012/11/06 v6.83m Hypertext links for LaTeX

(/usr/share/texlive/texmf-dist/tex/generic/oberdiek/hobsub-hyperref.sty
Package: hobsub-hyperref 2012/05/28 v1.13 Bundle oberdiek, subset hyperref (HO)


(/usr/share/texlive/texmf-dist/tex/generic/oberdiek/hobsub-generic.sty
Package: hobsub-generic 2012/05/28 v1.13 Bundle oberdiek, subset generic (HO)
Package: hobsub 2012/05/28 v1.13 Construct package bundles (HO)
Package hobsub Info: Skipping package `infwarerr' (already loaded).
Package hobsub Info: Skipping package `ltxcmds' (already loaded).
Package: ifluatex 2010/03/01 v1.3 Provides the ifluatex switch (HO)
Package ifluatex Info: LuaTeX not detected.
Package: ifvtex 2010/03/01 v1.5 Detect VTeX and its facilities (HO)
Package ifvtex Info: VTeX not detected.
Package: intcalc 2007/09/27 v1.1 Expandable calculations with integers (HO)
Package: ifpdf 2011/01/30 v2.3 Provides the ifpdf switch (HO)
Package ifpdf Info: pdfTeX in PDF mode is detected.
Package: etexcmds 2011/02/16 v1.5 Avoid name clashes with e-TeX commands (HO)
Package etexcmds Info: Could not find \expanded.
(etexcmds)             That can mean that you are not using pdfTeX 1.50 or
(etexcmds)             that some package has redefined \expanded.
(etexcmds)             In the latter case, load this package earlier.
Package: kvsetkeys 2012/04/25 v1.16 Key value parser (HO)
Package: kvdefinekeys 2011/04/07 v1.3 Define keys (HO)
Package: pdftexcmds 2011/11/29 v0.20 Utility functions of pdfTeX for LuaTeX (HO
)
Package pdftexcmds Info: LuaTeX not detected.
Package pdftexcmds Info: \pdf@primitive is available.
Package pdftexcmds Info: \pdf@ifprimitive is available.
Package pdftexcmds Info: \pdfdraftmode found.
Package: pdfescape 2011/11/25 v1.13 Implements pdfTeX's escape features (HO)
Package: bigintcalc 2012/04/08 v1.3 Expandable calculations on big integers (HO
)
Package: bitset 2011/01/30 v1.1 Handle bit-vector datatype (HO)
Package: uniquecounter 2011/01/30 v1.2 Provide unlimited unique counter (HO)
)
Package hobsub Info: Skipping package `hobsub' (already loaded).
Package: letltxmacro 2010/09/02 v1.4 Let assignment for LaTeX macros (HO)
Package: hopatch 2012/05/28 v1.2 Wrapper for package hooks (HO)
Package: xcolor-patch 2011/01/30 xcolor patch
Package: atveryend 2011/06/30 v1.8 Hooks at the very end of document (HO)
Package atveryend Info: \enddocument detected (standard20110627).
Package: atbegshi 2011/10/05 v1.16 At begin shipout hook (HO)
Package: refcount 2011/10/16 v3.4 Data extraction from label references (HO)
Package: hycolor 2011/01/30 v1.7 Color options for hyperref/bookmark (HO)
)
(/usr/share/texlive/texmf-dist/tex/generic/ifxetex/ifxetex.sty
Package: ifxetex 2010/09/12 v0.6 Provides ifxetex conditional
)
(/usr/share/texlive/texmf-dist/tex/latex/oberdiek/auxhook.sty
Package: auxhook 2011/03/04 v1.3 Hooks for auxiliary files (HO)
)
(/usr/share/texlive/texmf-dist/tex/latex/oberdiek/kvoptions.sty
Package: kvoptions 2011/06/30 v3.11 Key value format for package options (HO)
)
\@linkdim=\dimen116
\Hy@linkcounter=\count100
\Hy@pagecounter=\count101

(/usr/share/texlive/texmf-dist/tex/latex/hyperref/pd1enc.def
File: pd1enc.def 2012/11/06 v6.83m Hyperref: PDFDocEncoding definition (HO)
)
\Hy@SavedSpaceFactor=\count102

(/usr/share/texlive/texmf-dist/tex/latex/latexconfig/hyperref.cfg
File: hyperref.cfg 2002/06/06 v1.2 hyperref configuration of TeXLive
)
Package hyperref Info: Hyper figures OFF on input line 4443.
Package hyperref Info: Link nesting OFF on input line 4448.
Package hyperref Info: Hyper index ON on input line 4451.
Package hyperref Info: Plain pages OFF on input line 4458.
Package hyperref Info: Backreferencing OFF on input line 4463.
Package hyperref Info: Implicit mode ON; LaTeX internals redefined.
Package hyperref Info: Bookmarks ON on input line 4688.
\c@Hy@tempcnt=\count103

(/usr/share/texlive/texmf-dist/tex/latex/url/url.sty
\Urlmuskip=\muskip11
Package: url 2006/04/12  ver 3.3  Verb mode for urls, etc.
)
LaTeX Info: Redefining \url on input line 5041.
\XeTeXLinkMargin=\dimen117
\Fld@menulength=\count104
\Field@Width=\dimen118
\Fld@charsize=\dimen119
Package hyperref Info: Hyper figures OFF on input line 6295.
Package hyperref Info: Link nesting OFF on input line 6300.
Package hyperref Info: Hyper index ON on input line 6303.
Package hyperref Info: backreferencing OFF on input line 6310.
Package hyperref Info: Link coloring OFF on input line 6315.
Package hyperref Info: Link coloring with OCG OFF on input line 6320.
Package hyperref Info: PDF/A mode OFF on input line 6325.
LaTeX Info: Redefining \ref on input line 6365.
LaTeX Info: Redefining \pageref on input line 6369.
\Hy@abspage=\count105
\c@Item=\count106
\c@Hfootnote=\count107
)

Package hyperref Message: Driver (autodetected): hpdftex.

(/usr/share/texlive/texmf-dist/tex/latex/hyperref/hpdftex.def
File: hpdftex.def 2012/11/06 v6.83m Hyperref driver for pdfTeX
\Fld@listcount=\count108
\c@bookmark@seq@number=\count109

(/usr/share/texlive/texmf-dist/tex/latex/oberdiek/rerunfilecheck.sty
Package: rerunfilecheck 2011/04/15 v1.7 Rerun checks for auxiliary files (HO)
Package uniquecounter Info: New unique counter `rerunfilecheck' on input line 2
82.
)
\Hy@SectionHShift=\skip51
)
(/usr/share/texlive/texmf-dist/tex/latex/tools/longtable.sty
Package: longtable 2004/02/01 v4.11 Multi-page Table package (DPC)
\LTleft=\skip52
\LTright=\skip53
\LTpre=\skip54
\LTpost=\skip55
\LTchunksize=\count110
\LTcapwidth=\dimen120
\LT@head=\box29
\LT@firsthead=\box30
\LT@foot=\box31
\LT@lastfoot=\box32
\LT@cols=\count111
\LT@rows=\count112
\c@LT@tables=\count113
\c@LT@chunks=\count114
\LT@p@ftn=\toks26
) (./G4MC.aux)
\openout1 = `G4MC.aux'.

LaTeX Font Info:    Checking defaults for OML/cmm/m/it on input line 9.
LaTeX Font Info:    ... okay on input line 9.
LaTeX Font Info:    Checking defaults for T1/cmr/m/n on input line 9.
LaTeX Font Info:    ... okay on input line 9.
LaTeX Font Info:    Checking defaults for OT1/cmr/m/n on input line 9.
LaTeX Font Info:    ... okay on input line 9.
LaTeX Font Info:    Checking defaults for OMS/cmsy/m/n on input line 9.
LaTeX Font Info:    ... okay on input line 9.
LaTeX Font Info:    Checking defaults for OMX/cmex/m/n on input line 9.
LaTeX Font Info:    ... okay on input line 9.
LaTeX Font Info:    Checking defaults for U/cmr/m/n on input line 9.
LaTeX Font Info:    ... okay on input line 9.
LaTeX Font Info:    Checking defaults for PD1/pdf/m/n on input line 9.
LaTeX Font Info:    ... okay on input line 9.
LaTeX Font Info:    Try loading font information for U+msa on input line 9.

(/usr/share/texlive/texmf-dist/tex/latex/amsfonts/umsa.fd
File: umsa.fd 2013/01/14 v3.01 AMS symbols A
)
LaTeX Font Info:    Try loading font information for U+msb on input line 9.

(/usr/share/texlive/texmf-dist/tex/latex/amsfonts/umsb.fd
File: umsb.fd 2013/01/14 v3.01 AMS symbols B
)
(/usr/share/texlive/texmf-dist/tex/context/base/supp-pdf.mkii
[Loading MPS to PDF converter (version 2006.09.02).]
\scratchcounter=\count115
\scratchdimen=\dimen121
\scratchbox=\box33
\nofMPsegments=\count116
\nofMParguments=\count117
\everyMPshowfont=\toks27
\MPscratchCnt=\count118
\MPscratchDim=\dimen122
\MPnumerator=\count119
\makeMPintoPDFobject=\count120
\everyMPtoPDFconversion=\toks28
) (/usr/share/texlive/texmf-dist/tex/latex/oberdiek/epstopdf-base.sty
Package: epstopdf-base 2010/02/09 v2.5 Base part for package epstopdf

(/usr/share/texlive/texmf-dist/tex/latex/oberdiek/grfext.sty
Package: grfext 2010/08/19 v1.1 Manage graphics extensions (HO)
)
Package grfext Info: Graphics extension search list:
(grfext)             [.png,.pdf,.jpg,.mps,.jpeg,.jbig2,.jb2,.PNG,.PDF,.JPG,.JPE
G,.JBIG2,.JB2,.eps]
(grfext)             \AppendGraphicsExtensions on input line 452.

(/usr/share/texlive/texmf-dist/tex/latex/latexconfig/epstopdf-sys.cfg
File: epstopdf-sys.cfg 2010/07/13 v1.3 Configuration of (r)epstopdf for TeX Liv
e
))
\AtBeginShipoutBox=\box34
Package hyperref Info: Link coloring OFF on input line 9.

(/usr/share/texlive/texmf-dist/tex/latex/hyperref/nameref.sty
Package: nameref 2012/10/27 v2.43 Cross-referencing by name of section

(/usr/share/texlive/texmf-dist/tex/generic/oberdiek/gettitlestring.sty
Package: gettitlestring 2010/12/03 v1.4 Cleanup title references (HO)
)
\c@section@level=\count121
)
LaTeX Info: Redefining \ref on input line 9.
LaTeX Info: Redefining \pageref on input line 9.
LaTeX Info: Redefining \nameref on input line 9.

(./G4MC.out) (./G4MC.out)
\@outlinefile=\write3
\openout3 = `G4MC.out'.



Class amsart Warning: Abstract should precede \maketitle in AMS document classe
s; reported on input line 16.

[1{/usr/share/texlive/texmf/fonts/map/pdftex/updmap/pdftex.map}]
Overfull \hbox (3.00781pt too wide) in paragraph at lines 50--51
 \OT1/cmr/m/n/10.95 2.2.\OT1/cmr/bx/n/10.95 MUDIFI.[][] \OT1/cmr/m/n/10.95 MUD-
IFI, or (MU)lti-(DI)mensional-(FI)t-program, is a pro-
 []


Overfull \hbox (9.97179pt too wide) in paragraph at lines 58--59
 \OT1/cmr/m/n/10.95 2.4.\OT1/cmr/bx/n/10.95 Outlook on SNAKE-MUDIFI-HAMC Sys-te
m.[][] \OT1/cmr/m/n/10.95 While the SNAKE-
 []

[2] <plots/traj.png, id=115, 437.38406pt x 405.76593pt>
File: plots/traj.png Graphic file (type png)
 <use plots/traj.png>
Package pdftex.def Info: plots/traj.png used on input line 73.
(pdftex.def)             Requested size: 270.0pt x 250.48257pt.

[3 <./plots/traj.png>]
Overfull \hbox (20.41602pt too wide) in paragraph at lines 91--92
[][]$\OT1/cmtt/m/n/10.95 http : / / hirlinger-[]saylor . com / research / HallA
 / optics / matrix / matrix .
 []

<plots/pres_matrix_x_3.png, id=123, 1601.985pt x 975.645pt>
File: plots/pres_matrix_x_3.png Graphic file (type png)

<use plots/pres_matrix_x_3.png>
Package pdftex.def Info: plots/pres_matrix_x_3.png used on input line 97.
(pdftex.def)             Requested size: 341.9989pt x 208.28575pt.

<plots/pres_matrix_x_4.png, id=124, 1601.985pt x 975.645pt>
File: plots/pres_matrix_x_4.png Graphic file (type png)

<use plots/pres_matrix_x_4.png>
Package pdftex.def Info: plots/pres_matrix_x_4.png used on input line 104.
(pdftex.def)             Requested size: 341.9989pt x 208.28575pt.

<plots/pres_matrix_t_4.png, id=125, 1601.985pt x 975.645pt>
File: plots/pres_matrix_t_4.png Graphic file (type png)

<use plots/pres_matrix_t_4.png>
Package pdftex.def Info: plots/pres_matrix_t_4.png used on input line 111.
(pdftex.def)             Requested size: 341.9989pt x 208.28575pt.

<plots/pres_matrix_y_4.png, id=126, 1601.985pt x 975.645pt>
File: plots/pres_matrix_y_4.png Graphic file (type png)

<use plots/pres_matrix_y_4.png>
Package pdftex.def Info: plots/pres_matrix_y_4.png used on input line 118.
(pdftex.def)             Requested size: 341.9989pt x 208.28575pt.

<plots/pres_matrix_p_4.png, id=127, 1601.985pt x 975.645pt>
File: plots/pres_matrix_p_4.png Graphic file (type png)

<use plots/pres_matrix_p_4.png>
Package pdftex.def Info: plots/pres_matrix_p_4.png used on input line 125.
(pdftex.def)             Requested size: 341.9989pt x 208.28575pt.

<plots/pres_matrix_d_4.png, id=128, 1601.985pt x 975.645pt>
File: plots/pres_matrix_d_4.png Graphic file (type png)

<use plots/pres_matrix_d_4.png>
Package pdftex.def Info: plots/pres_matrix_d_4.png used on input line 132.
(pdftex.def)             Requested size: 341.9989pt x 208.28575pt.
 [4] [5 <./plots/pres_matrix_x_3.png>] [6 <./plots/pres_matrix_x_4.png>] [7 <./
plots/pres_matrix_t_4.png>] [8 <./plots/pres_matrix_y_4.png>] [9 <./plots/pres_
matrix_p_4.png>] [10 <./plots/pres_matrix_d_4.png>]
<plots/compare_PREX_noscrape_truerad_tune.png, id=167, 1501.61pt x 774.895pt>
File: plots/compare_PREX_noscrape_truerad_tune.png Graphic file (type png)

<use plots/compare_PREX_noscrape_truerad_tune.png>
Package pdftex.def Info: plots/compare_PREX_noscrape_truerad_tune.png used on i
nput line 145.
(pdftex.def)             Requested size: 341.9989pt x 176.48398pt.
 [11

 <./plots/compare_PREX_noscrape_truerad_tune.png>] <plots/acc.png, id=173, 899.
36pt x 877.2775pt>
File: plots/acc.png Graphic file (type png)

<use plots/acc.png>
Package pdftex.def Info: plots/acc.png used on input line 160.
(pdftex.def)             Requested size: 341.9989pt x 333.59648pt.
 [12 <./plots/acc.png>]
<plots/contour_p.png, id=179, 2103.86pt x 1276.77pt>
File: plots/contour_p.png Graphic file (type png)
 <use plots/contour_p.png>
Package pdftex.def Info: plots/contour_p.png used on input line 171.
(pdftex.def)             Requested size: 341.9989pt x 207.54085pt.

Underfull \hbox (badness 1629) in paragraph at lines 172--172
\OT1/cmr/m/sc/10.95 Figure 10.[]\OT1/cmr/m/n/10.95 PREX: Horowitz gen-er-ated c
ross sec-tions,
 []

<plots/contour_c.png, id=180, 2103.86pt x 1276.77pt>
File: plots/contour_c.png Graphic file (type png)
 <use plots/contour_c.png>
Package pdftex.def Info: plots/contour_c.png used on input line 176.
(pdftex.def)             Requested size: 341.9989pt x 207.54085pt.

Underfull \hbox (badness 1540) in paragraph at lines 177--177
\OT1/cmr/m/sc/10.95 Figure 11.[]\OT1/cmr/m/n/10.95 CREX: Horowitz gen-er-ated c
ross sec-tions,
 []

<plots/fom_p.png, id=181, 2103.86pt x 1076.02pt>
File: plots/fom_p.png Graphic file (type png)
 <use plots/fom_p.png>
Package pdftex.def Info: plots/fom_p.png used on input line 181.
(pdftex.def)             Requested size: 341.9989pt x 174.90865pt.

<plots/fom_old.png, id=182, 1566.85374pt x 1141.26375pt>
File: plots/fom_old.png Graphic file (type png)

<use plots/fom_old.png>
Package pdftex.def Info: plots/fom_old.png used on input line 186.
(pdftex.def)             Requested size: 341.9989pt x 249.09357pt.
 <plots/fom_c.png, id=184, 2103.86pt x 1076.02pt>
File: plots/fom_c.png Graphic file (type png)

<use plots/fom_c.png>
Package pdftex.def Info: plots/fom_c.png used on input line 191.
(pdftex.def)             Requested size: 341.9989pt x 174.90865pt.
 [13 <./plots/contour_p.png>] [14 <./plots/contour_c.png> <./plots/fom_p.png>] 
[15 <./plots/fom_old.png> <./plots/fom_c.png>]
<plots/res.png, id=205, 1100.11pt x 674.52pt>
File: plots/res.png Graphic file (type png)
 <use plots/res.png>
Package pdftex.def Info: plots/res.png used on input line 203.
(pdftex.def)             Requested size: 341.9989pt x 209.6857pt.
 [16

 <./plots/res.png>] <plots/newcol.png, id=211, 2003.485pt x 975.645pt>
File: plots/newcol.png Graphic file (type png)

<use plots/newcol.png>
Package pdftex.def Info: plots/newcol.png used on input line 213.
(pdftex.def)             Requested size: 341.9989pt x 166.54227pt.
 <plots/keepout.png, id=212, 1100.11pt x 674.52pt>
File: plots/keepout.png Graphic file (type png)

<use plots/keepout.png>
Package pdftex.def Info: plots/keepout.png used on input line 225.
(pdftex.def)             Requested size: 341.9989pt x 209.6857pt.

<plots/PREXvsPREXII.JPG, id=213, 1147.28625pt x 238.64156pt>
File: plots/PREXvsPREXII.JPG Graphic file (type jpg)

<use plots/PREXvsPREXII.JPG>
Package pdftex.def Info: plots/PREXvsPREXII.JPG used on input line 230.
(pdftex.def)             Requested size: 341.9989pt x 71.1342pt.
 [17 <./plots/newcol.png>]
<plots/transportcartoon.png, id=218, 1100.11pt x 1076.02pt>
File: plots/transportcartoon.png Graphic file (type png)

<use plots/transportcartoon.png>
Package pdftex.def Info: plots/transportcartoon.png used on input line 242.
(pdftex.def)             Requested size: 341.9989pt x 334.49863pt.

<plots/crex_footprint.png, id=219, 1501.61pt x 875.27pt>
File: plots/crex_footprint.png Graphic file (type png)

<use plots/crex_footprint.png>
Package pdftex.def Info: plots/crex_footprint.png used on input line 247.
(pdftex.def)             Requested size: 341.9989pt x 199.3446pt.
 [18 <./plots/keepout.png> <./plots/PREXvsPREXII.JPG>] [19 <./plots/transportca
rtoon.png>] [20 <./plots/crex_footprint.png>]
[21

]
Overfull \hbox (101.43327pt too wide) in paragraph at lines 303--370
[][] 
 []


Underfull \hbox (badness 10000) in paragraph at lines 303--370

 []


Underfull \hbox (badness 10000) in paragraph at lines 303--370

 []


Underfull \hbox (badness 10000) in paragraph at lines 303--370

 []


Underfull \hbox (badness 10000) in paragraph at lines 303--370

 []


Underfull \hbox (badness 10000) in paragraph at lines 303--370

 []


Underfull \hbox (badness 10000) in paragraph at lines 303--370

 []


Underfull \hbox (badness 10000) in paragraph at lines 303--370

 []


Underfull \hbox (badness 10000) in paragraph at lines 303--370

 []


Underfull \hbox (badness 10000) in paragraph at lines 303--370

 []


Underfull \hbox (badness 10000) in paragraph at lines 303--370

 []


Underfull \hbox (badness 10000) in paragraph at lines 303--370

 []


Underfull \vbox (badness 10000) has occurred while \output is active []

 [22]
Underfull \vbox (badness 10000) has occurred while \output is active []

 [23]
Underfull \hbox (badness 10000) in paragraph at lines 381--397

 []


Underfull \hbox (badness 10000) in paragraph at lines 381--397

 []


Underfull \hbox (badness 10000) in paragraph at lines 381--397

 []


Underfull \hbox (badness 10000) in paragraph at lines 381--397

 []


Underfull \hbox (badness 10000) in paragraph at lines 381--397

 []


Underfull \hbox (badness 10000) in paragraph at lines 381--397

 []


Underfull \hbox (badness 10000) in paragraph at lines 381--397

 []


Underfull \hbox (badness 10000) in paragraph at lines 381--397

 []


Underfull \hbox (badness 10000) in paragraph at lines 381--397

 []


Overfull \hbox (91.24129pt too wide) in alignment at lines 397--439
 [] [] [] 
 []


Underfull \vbox (badness 10000) detected at line 439
 []


Overfull \hbox (91.24129pt too wide) in alignment at lines 439--481
 [] [] [] 
 []

[24]
Overfull \hbox (91.24129pt too wide) in alignment at lines 481--523
 [] [] [] 
 []


Overfull \hbox (91.24129pt too wide) in alignment at lines 523--565
 [] [] [] 
 []

[25]
Overfull \hbox (91.24129pt too wide) in alignment at lines 565--606
 [] [] [] 
 []


Overfull \hbox (91.24129pt too wide) in alignment at lines 606--648
 [] [] [] 
 []

[26]
Overfull \hbox (91.24129pt too wide) in alignment at lines 648--690
 [] [] [] 
 []


Overfull \hbox (91.24129pt too wide) in alignment at lines 690--732
 [] [] [] 
 []

[27]
Overfull \hbox (91.24129pt too wide) in alignment at lines 732--774
 [] [] [] 
 []


Overfull \hbox (91.24129pt too wide) in alignment at lines 774--792
 [] [] [] 
 []

[28]
Package atveryend Info: Empty hook `BeforeClearDocument' on input line 794.
 [29]
Package atveryend Info: Empty hook `AfterLastShipout' on input line 794.
 (./G4MC.aux)
Package atveryend Info: Executing hook `AtVeryEndDocument' on input line 794.
Package atveryend Info: Executing hook `AtEndAfterFileList' on input line 794.
Package rerunfilecheck Info: File `G4MC.out' has not changed.
(rerunfilecheck)             Checksum: 9CFF04D46F56F765FFAC033C7903235D;1536.
Package atveryend Info: Empty hook `AtVeryVeryEnd' on input line 794.
 ) 
Here is how much of TeX's memory you used:
 6484 strings out of 495063
 92293 string characters out of 3182202
 201457 words of memory out of 3000000
 9342 multiletter control sequences out of 15000+200000
 11556 words of font info for 45 fonts, out of 3000000 for 9000
 175 hyphenation exceptions out of 8191
 34i,7n,31p,815b,431s stack positions out of 5000i,500n,10000p,200000b,50000s
</usr/share/texlive/texmf-dist/fonts/type1/public/amsfonts/cm/cmbx10.pfb></us
r/share/texlive/texmf-dist/fonts/type1/public/amsfonts/cm/cmcsc10.pfb></usr/sha
re/texlive/texmf-dist/fonts/type1/public/amsfonts/cm/cmmi10.pfb></usr/share/tex
live/texmf-dist/fonts/type1/public/amsfonts/cm/cmmi8.pfb></usr/share/texlive/te
xmf-dist/fonts/type1/public/amsfonts/cm/cmr10.pfb></usr/share/texlive/texmf-dis
t/fonts/type1/public/amsfonts/cm/cmr8.pfb></usr/share/texlive/texmf-dist/fonts/
type1/public/amsfonts/cm/cmr9.pfb></usr/share/texlive/texmf-dist/fonts/type1/pu
blic/amsfonts/cm/cmsy10.pfb></usr/share/texlive/texmf-dist/fonts/type1/public/a
msfonts/cm/cmsy8.pfb></usr/share/texlive/texmf-dist/fonts/type1/public/amsfonts
/cm/cmtt10.pfb>
Output written on G4MC.pdf (29 pages, 1405065 bytes).
PDF statistics:
 339 PDF objects out of 1000 (max. 8388607)
 274 compressed objects within 3 object streams
 86 named destinations out of 1000 (max. 500000)
 277 words of extra memory for PDF output out of 10000 (max. 10000000)

